=== BTCUSDT ===
Última vela en BD: 1765406520000. Empezando en 1765406580000.
Descargando velas BTCUSDT de 1765406580000 a 1765406821792...
Guardadas 5 velas para BTCUSDT.
=== ETHUSDT ===
Última vela en BD: 1765406520000. Empezando en 1765406580000.
Descargando velas ETHUSDT de 1765406580000 a 1765406821792...
Guardadas 5 velas para ETHUSDT.
=== SOLUSDT ===
Última vela en BD: 1765406520000. Empezando en 1765406580000.
Descargando velas SOLUSDT de 1765406580000 a 1765406821792...
Guardadas 5 velas para SOLUSDT.
=== ADAUSDT ===
Última vela en BD: 1765406520000. Empezando en 1765406580000.
Descargando velas ADAUSDT de 1765406580000 a 1765406821792...
Guardadas 5 velas para ADAUSDT.
=== PAXGUSDT ===
Última vela en BD: 1765406520000. Empezando en 1765406580000.
Descargando velas PAXGUSDT de 1765406580000 a 1765406821792...
Guardadas 5 velas para PAXGUSDT.
=== BTCUSDT ===
Última vela en BD: 1765406820000. Empezando en 1765406880000.
Descargando velas BTCUSDT de 1765406880000 a 1765406882309...
Guardadas 1 velas para BTCUSDT.
=== ETHUSDT ===
Última vela en BD: 1765406820000. Empezando en 1765406880000.
Descargando velas ETHUSDT de 1765406880000 a 1765406882309...
Guardadas 1 velas para ETHUSDT.
=== SOLUSDT ===
Última vela en BD: 1765406820000. Empezando en 1765406880000.
Descargando velas SOLUSDT de 1765406880000 a 1765406882309...
Guardadas 1 velas para SOLUSDT.
=== ADAUSDT ===
Última vela en BD: 1765406820000. Empezando en 1765406880000.
Descargando velas ADAUSDT de 1765406880000 a 1765406882309...
Guardadas 1 velas para ADAUSDT.
=== PAXGUSDT ===
Última vela en BD: 1765406820000. Empezando en 1765406880000.
Descargando velas PAXGUSDT de 1765406880000 a 1765406882309...
Guardadas 1 velas para PAXGUSDT.
=== BTCUSDT ===
Última vela en BD: 1765406880000. Empezando en 1765406940000.
Descargando velas BTCUSDT de 1765406940000 a 1765406941830...
Guardadas 1 velas para BTCUSDT.
=== ETHUSDT ===
Última vela en BD: 1765406880000. Empezando en 1765406940000.
Descargando velas ETHUSDT de 1765406940000 a 1765406941830...
Guardadas 1 velas para ETHUSDT.
=== SOLUSDT ===
Última vela en BD: 1765406880000. Empezando en 1765406940000.
Descargando velas SOLUSDT de 1765406940000 a 1765406941830...
Guardadas 1 velas para SOLUSDT.
=== ADAUSDT ===
Última vela en BD: 1765406880000. Empezando en 1765406940000.
Descargando velas ADAUSDT de 1765406940000 a 1765406941830...
Guardadas 1 velas para ADAUSDT.
=== PAXGUSDT ===
Última vela en BD: 1765406880000. Empezando en 1765406940000.
Descargando velas PAXGUSDT de 1765406940000 a 1765406941830...
Guardadas 1 velas para PAXGUSDT.
=== BTCUSDT ===
Última vela en BD: 1765406940000. Empezando en 1765407000000.
Descargando velas BTCUSDT de 1765407000000 a 1765407001714...
Guardadas 1 velas para BTCUSDT.
=== ETHUSDT ===
Última vela en BD: 1765406940000. Empezando en 1765407000000.
Descargando velas ETHUSDT de 1765407000000 a 1765407001714...
Guardadas 1 velas para ETHUSDT.
=== SOLUSDT ===
Última vela en BD: 1765406940000. Empezando en 1765407000000.
Descargando velas SOLUSDT de 1765407000000 a 1765407001714...
Guardadas 1 velas para SOLUSDT.
=== ADAUSDT ===
Última vela en BD: 1765406940000. Empezando en 1765407000000.
Descargando velas ADAUSDT de 1765407000000 a 1765407001714...
Guardadas 1 velas para ADAUSDT.
=== PAXGUSDT ===
Última vela en BD: 1765406940000. Empezando en 1765407000000.
Descargando velas PAXGUSDT de 1765407000000 a 1765407001714...
Guardadas 1 velas para PAXGUSDT.
